<?xml version="1.0" encoding="UTF-8" ?>
<testsuite failures="0" time="0.131" errors="0" skipped="0" tests="9" name="com.gsu.petclinic.domain.VetIntegrationTest">
  <properties>
[...]
</properties>
  <testcase time="0.004" classname="com.gsu.petclinic.domain.VetIntegrationTest" name="testMarkerMethod"/>
  <testcase time="0.035" classname="com.gsu.petclinic.domain.VetIntegrationTest" name="testFlush"/>
  <testcase time="0.014" classname="com.gsu.petclinic.domain.VetIntegrationTest" name="testMergeUpdate"/>
  <testcase time="0.016" classname="com.gsu.petclinic.domain.VetIntegrationTest" name="testPersist"/>
  <testcase time="0.013" classname="com.gsu.petclinic.domain.VetIntegrationTest" name="testRemove"/>
  <testcase time="0.015" classname="com.gsu.petclinic.domain.VetIntegrationTest" name="testCountVets"/>
  <testcase time="0.011" classname="com.gsu.petclinic.domain.VetIntegrationTest" name="testFindVet"/>
  <testcase time="0.012" classname="com.gsu.petclinic.domain.VetIntegrationTest" name="testFindAllVets"/>
  <testcase time="0.011" classname="com.gsu.petclinic.domain.VetIntegrationTest" name="testFindVetEntries"/>
</testsuite>